2025-09-01 15:14:18 - Devtools property defaults active! Set 'spring.devtools.add-properties' to 'false' to disable
2025-09-01 15:14:18 - For additional web related logging consider setting the 'logging.level.web' property to 'DEBUG'
2025-09-01 15:14:24 - Bootstrapping Spring Data JPA repositories in DEFAULT mode.
2025-09-01 15:14:25 - Finished Spring Data repository scanning in 529 ms. Found 3 JPA repository interfaces.
2025-09-01 15:14:26 - BeanFactory id=67625699-14e9-304b-8a87-cea1f8657dc9
2025-09-01 15:14:30 - Tomcat initialized with port 8081 (http)
2025-09-01 15:14:30 - Starting service [Tomcat]
2025-09-01 15:14:30 - Starting Servlet engine: [Apache Tomcat/10.1.44]
2025-09-01 15:14:30 - Initializing Spring embedded WebApplicationContext
2025-09-01 15:14:30 - Root WebApplicationContext: initialization completed in 12773 ms
2025-09-01 15:14:31 - HHH000204: Processing PersistenceUnitInfo [name: default]
2025-09-01 15:14:31 - HHH000412: Hibernate ORM core version 6.6.26.Final
2025-09-01 15:14:31 - HHH000026: Second-level cache disabled
2025-09-01 15:14:32 - No LoadTimeWeaver setup: ignoring JPA class transformer
2025-09-01 15:14:32 - HikariPool-1 - Starting...
2025-09-01 15:14:37 - HikariPool-1 - Added connection org.postgresql.jdbc.PgConnection@3716062c
2025-09-01 15:14:37 - HikariPool-1 - Start completed.
2025-09-01 15:14:37 - HHH90000025: PostgreSQLDialect does not need to be specified explicitly using 'hibernate.dialect' (remove the property setting and it will be selected by default)
2025-09-01 15:14:38 - HHH10001005: Database info:
	Database JDBC URL [Connecting through datasource 'HikariDataSource (HikariPool-1)']
	Database driver: undefined/unknown
	Database version: 17.5
	Autocommit mode: undefined/unknown
	Isolation level: undefined/unknown
	Minimum pool size: undefined/unknown
	Maximum pool size: undefined/unknown
2025-09-01 15:14:44 - HHH000489: No JTA platform available (set 'hibernate.transaction.jta.platform' to enable JTA platform integration)
2025-09-01 15:14:45 - Initialized JPA EntityManagerFactory for persistence unit 'default'
2025-09-01 15:14:53 - Global AuthenticationManager configured with AuthenticationProvider bean with name daoAuthenticationProvider
2025-09-01 15:14:53 - Global AuthenticationManager configured with an AuthenticationProvider bean. UserDetailsService beans will not be used by Spring Security for automatically configuring username/password login. Consider removing the AuthenticationProvider bean. Alternatively, consider using the UserDetailsService in a manually instantiated DaoAuthenticationProvider. If the current configuration is intentional, to turn off this warning, increase the logging level of 'org.springframework.security.config.annotation.authentication.configuration.InitializeUserDetailsBeanManagerConfigurer' to ERROR
2025-09-01 15:14:55 - spring.jpa.open-in-view is enabled by default. Therefore, database queries may be performed during view rendering. Explicitly configure spring.jpa.open-in-view to disable this warning
2025-09-01 15:15:01 - LiveReload server is running on port 35729
2025-09-01 15:15:03 - Cannot determine local hostname
2025-09-01 15:15:04 - Cannot determine local hostname
2025-09-01 15:15:04 - Eureka HTTP Client uses RestTemplate.
2025-09-01 15:15:04 - Spring Cloud LoadBalancer is currently working with the default cache. While this cache implementation is useful for development and tests, it's recommended to use Caffeine cache in production.You can switch to using Caffeine cache, by adding it and org.springframework.cache.caffeine.CaffeineCacheManager to the classpath.
2025-09-01 15:15:04 - Setting initial instance status as: STARTING
2025-09-01 15:15:04 - Initializing Eureka in region us-east-1
2025-09-01 15:15:04 - Resolving eureka endpoints via configuration
2025-09-01 15:15:04 - Disable delta property : false
2025-09-01 15:15:04 - Single vip registry refresh property : null
2025-09-01 15:15:04 - Force full registry fetch : false
2025-09-01 15:15:04 - Application is null : false
2025-09-01 15:15:04 - Registered Applications size is zero : true
2025-09-01 15:15:04 - Application version is -1: true
2025-09-01 15:15:04 - Getting all instance registry info from the eureka server
2025-09-01 15:15:07 - The response status is 200
2025-09-01 15:15:07 - Starting heartbeat executor: renew interval is: 30
2025-09-01 15:15:07 - InstanceInfoReplicator onDemand update allowed rate per min is 4
2025-09-01 15:15:07 - Discovery Client initialized at timestamp 1756757707029 with initial instances count: 0
2025-09-01 15:15:07 - Registering application AUTHENTICATION with eureka with status UP
2025-09-01 15:15:07 - Saw local status change event StatusChangeEvent [timestamp=1756757707036, current=UP, previous=STARTING]
2025-09-01 15:15:07 - DiscoveryClient_AUTHENTICATION/localhost:authentication:8081: registering service...
2025-09-01 15:15:07 - Tomcat started on port 8081 (http) with context path '/'
2025-09-01 15:15:07 - Updating port to 8081
2025-09-01 15:15:07 - DiscoveryClient_AUTHENTICATION/localhost:authentication:8081 - registration status: 204
2025-09-01 15:15:08 - Cannot determine local hostname
2025-09-01 15:15:37 - Disable delta property : false
2025-09-01 15:15:37 - Single vip registry refresh property : null
2025-09-01 15:15:37 - Force full registry fetch : false
2025-09-01 15:15:37 - Application is null : false
2025-09-01 15:15:37 - Registered Applications size is zero : true
2025-09-01 15:15:37 - Application version is -1: false
2025-09-01 15:15:37 - Getting all instance registry info from the eureka server
2025-09-01 15:15:37 - The response status is 200
2025-09-01 15:17:15 - Initializing Spring DispatcherServlet 'dispatcherServlet'
2025-09-01 15:17:15 - Initializing Servlet 'dispatcherServlet'
2025-09-01 15:17:15 - Completed initialization in 1 ms
